# JRE version: OpenJDK Runtime Environment (12.0.2+10) (build 12.0.2+10)
# Java VM: OpenJDK 64-Bit Server VM (12.0.2+10, mixed mode, sharing, tiered, compressed oops, g1 gc, windows-amd64)
Heap:
 garbage-first heap   total 262144K, used 188183K [0x00000000e0000000, 0x0000000100000000)
  region size 1024K, 138 young (141312K), 14 survivors (14336K)
 Metaspace       used 45160K, capacity 46416K, committed 46512K, reserved 294912K
  class space    used 5962K, capacity 6382K, committed 6400K, reserved 253952K
GC Heap History (10 events):
Event: 4.850 GC heap before
{Heap before GC invocations=7 (full 0):
 garbage-first heap   total 262144K, used 148883K [0x00000000e0000000, 0x0000000100000000)
  region size 1024K, 128 young (131072K), 8 survivors (8192K)
 Metaspace       used 41203K, capacity 42321K, committed 42416K, reserved 290816K
  class space    used 5715K, capacity 6110K, committed 6144K, reserved 253952K
}
Event: 4.864 GC heap after
{Heap after GC invocations=8 (full 0):
 garbage-first heap   total 262144K, used 36085K [0x00000000e0000000, 0x0000000100000000)
  region size 1024K, 16 young (16384K), 16 survivors (16384K)
 Metaspace       used 41203K, capacity 42321K, committed 42416K, reserved 290816K
  class space    used 5715K, capacity 6110K, committed 6144K, reserved 253952K
}
Event: 5.863 GC heap before
{Heap before GC invocations=8 (full 0):
 garbage-first heap   total 262144K, used 163061K [0x00000000e0000000, 0x0000000100000000)
  region size 1024K, 140 young (143360K), 16 survivors (16384K)
 Metaspace       used 41689K, capacity 42806K, committed 42928K, reserved 290816K
  class space    used 5723K, capacity 6119K, committed 6144K, reserved 253952K
}
Event: 5.876 GC heap after
{Heap after GC invocations=9 (full 0):
 garbage-first heap   total 262144K, used 41361K [0x00000000e0000000, 0x0000000100000000)
  region size 1024K, 6 young (6144K), 6 survivors (6144K)
 Metaspace       used 41689K, capacity 42806K, committed 42928K, reserved 290816K
  class space    used 5723K, capacity 6119K, committed 6144K, reserved 253952K
}
Event: 22.682 GC heap before
{Heap before GC invocations=9 (full 0):
 garbage-first heap   total 262144K, used 170385K [0x00000000e0000000, 0x0000000100000000)
  region size 1024K, 132 young (135168K), 6 survivors (6144K)
 Metaspace       used 43706K, capacity 44902K, committed 45232K, reserved 292864K
  class space    used 5915K, capacity 6307K, committed 6400K, reserved 253952K
}
Event: 22.691 GC heap after
{Heap after GC invocations=10 (full 0):
 garbage-first heap   total 262144K, used 50893K [0x00000000e0000000, 0x0000000100000000)
  region size 1024K, 15 young (15360K), 15 survivors (15360K)
 Metaspace       used 43706K, capacity 44902K, committed 45232K, reserved 292864K
  class space    used 5915K, capacity 6307K, committed 6400K, reserved 253952K
}
Event: 23.677 GC heap before
{Heap before GC invocations=10 (full 0):
 garbage-first heap   total 262144K, used 180941K [0x00000000e0000000, 0x0000000100000000)
  region size 1024K, 142 young (145408K), 15 survivors (15360K)
 Metaspace       used 44085K, capacity 45302K, committed 45488K, reserved 294912K
  class space    used 5916K, capacity 6309K, committed 6400K, reserved 253952K
}
Event: 23.691 GC heap after
{Heap after GC invocations=11 (full 0):
 garbage-first heap   total 262144K, used 55480K [0x00000000e0000000, 0x0000000100000000)
  region size 1024K, 6 young (6144K), 6 survivors (6144K)
 Metaspace       used 44085K, capacity 45302K, committed 45488K, reserved 294912K
  class space    used 5916K, capacity 6309K, committed 6400K, reserved 253952K
}
Event: 304.606 GC heap before
{Heap before GC invocations=11 (full 0):
 garbage-first heap   total 262144K, used 188600K [0x00000000e0000000, 0x0000000100000000)
  region size 1024K, 137 young (140288K), 6 survivors (6144K)
 Metaspace       used 44830K, capacity 46218K, committed 46256K, reserved 294912K
  class space    used 5960K, capacity 6381K, committed 6400K, reserved 253952K
}
Event: 304.620 GC heap after
{Heap after GC invocations=12 (full 0):
 garbage-first heap   total 262144K, used 63255K [0x00000000e0000000, 0x0000000100000000)
  region size 1024K, 14 young (14336K), 14 survivors (14336K)
 Metaspace       used 44830K, capacity 46218K, committed 46256K, reserved 294912K
  class space    used 5960K, capacity 6381K, committed 6400K, reserved 253952K
}

